0 info it worked if it ends with ok
1 verbose cli [ 'C:\\Program Files (x86)\\nodejs\\node.exe',
1 verbose cli   'C:\\Program Files (x86)\\nodejs\\node_modules\\npm\\bin\\npm-cli.js',
1 verbose cli   'run',
1 verbose cli   'delete' ]
2 info using npm@3.7.3
3 info using node@v5.9.0
4 verbose run-script [ 'predelete', 'delete', 'postdelete' ]
5 info lifecycle final-project@1.0.0~predelete: final-project@1.0.0
6 silly lifecycle final-project@1.0.0~predelete: no script for predelete, continuing
7 info lifecycle final-project@1.0.0~delete: final-project@1.0.0
8 verbose lifecycle final-project@1.0.0~delete: unsafe-perm in lifecycle true
9 verbose lifecycle final-project@1.0.0~delete: PATH: C:\Program Files (x86)\nodejs\node_modules\npm\bin\node-gyp-bin;C:\Users\Galina\Desktop\exampleGa\final-project\node_modules\.bin;C:\Program Files (x86)\nodejs;C:\Users\Galina\bin;C:\Program Files\Git\mingw64\bin;C:\Program Files\Git\usr\local\bin;C:\Program Files\Git\usr\bin;C:\Program Files\Git\usr\bin;C:\Program Files\Git\mingw64\bin;C:\Program Files\Git\usr\bin;C:\Users\Galina\bin;C:\ProgramData\Oracle\Java\javapath;C:\Windows\system32;C:\Windows;C:\Windows\System32\Wbem;C:\Windows\System32\WindowsPowerShell\v1.0;C:\Program Files (x86)\ATI Technologies\ATI.ACE\Core-Static;C:\Program Files (x86)\nodejs;C:\Program Files\Git\cmd;C:\Users\Galina\AppData\Local\Programs\Microsoft VS Code\bin;C:\Users\Galina\AppData\Local\GitHubDesktop\bin;C:\Users\Galina\AppData\Roaming\npm;C:\Program Files\Git\usr\bin\vendor_perl;C:\Program Files\Git\usr\bin\core_perl
10 verbose lifecycle final-project@1.0.0~delete: CWD: C:\Users\Galina\Desktop\exampleGa\final-project
11 silly lifecycle final-project@1.0.0~delete: Args: [ '/d /s /c', 'build' ]
12 silly lifecycle final-project@1.0.0~delete: Returned: code: 1  signal: null
13 info lifecycle final-project@1.0.0~delete: Failed to exec delete script
14 verbose stack Error: final-project@1.0.0 delete: `build`
14 verbose stack Exit status 1
14 verbose stack     at EventEmitter.<anonymous> (C:\Program Files (x86)\nodejs\node_modules\npm\lib\utils\lifecycle.js:239:16)
14 verbose stack     at emitTwo (events.js:100:13)
14 verbose stack     at EventEmitter.emit (events.js:185:7)
14 verbose stack     at ChildProcess.<anonymous> (C:\Program Files (x86)\nodejs\node_modules\npm\lib\utils\spawn.js:24:14)
14 verbose stack     at emitTwo (events.js:100:13)
14 verbose stack     at ChildProcess.emit (events.js:185:7)
14 verbose stack     at maybeClose (internal/child_process.js:850:16)
14 verbose stack     at Process.ChildProcess._handle.onexit (internal/child_process.js:215:5)
15 verbose pkgid final-project@1.0.0
16 verbose cwd C:\Users\Galina\Desktop\exampleGa\final-project
17 error Windows_NT 6.1.7601
18 error argv "C:\\Program Files (x86)\\nodejs\\node.exe" "C:\\Program Files (x86)\\nodejs\\node_modules\\npm\\bin\\npm-cli.js" "run" "delete"
19 error node v5.9.0
20 error npm  v3.7.3
21 error code ELIFECYCLE
22 error final-project@1.0.0 delete: `build`
22 error Exit status 1
23 error Failed at the final-project@1.0.0 delete script 'build'.
23 error Make sure you have the latest version of node.js and npm installed.
23 error If you do, this is most likely a problem with the final-project package,
23 error not with npm itself.
23 error Tell the author that this fails on your system:
23 error     build
23 error You can get information on how to open an issue for this project with:
23 error     npm bugs final-project
23 error Or if that isn't available, you can get their info via:
23 error     npm owner ls final-project
23 error There is likely additional logging output above.
24 verbose exit [ 1, true ]
